					org	$0000
				;
0000 : A5 EB 		"  "		lda	X00EB
0002 : 85 EC 		"  "		sta	X00EC
0004				L0004:
0004 : A2 07 		"  "		ldx	#$07
0006				L0006:
0006 : A9 00 		"  "		lda	#$00
0008 : 95 A2 		"  "		sta	X00A2,x
000A : CA 		" "		dex
000B : 10 F9 		"  "		bpl	L0006
000D : 20 21 0D 	" ! "		jsr	L0D21
0010				L0010:
0010 : 20 2B 0D 	" + "		jsr	L0D2B
0013 : 20 00 0F 	"   "		jsr	L0F00
0016 : F0 EC 		"  "		beq	L0004
0018 : C9 01 		"  "		cmp	#$01
001A : D0 07 		"  "		bne	L0023
001C : A9 2E 		" ."		lda	#$2E
001E : 20 23 0D 	" # "		jsr	L0D23
0021 : F0 ED 		"  "		beq	L0010
0023				L0023:
0023 : C9 02 		"  "		cmp	#$02
0025 : D0 08 		"  "		bne	L002F
0027 : A5 E7 		"  "		lda	X00E7
0029 : F0 E5 		"  "		beq	L0010
002B : 85 A1 		"  "		sta	X00A1
002D : D0 E1 		"  "		bne	L0010
002F				L002F:
002F : A0 07 		"  "		ldy	#$07
0031 : A2 07 		"  "		ldx	#$07
0033				L0033:
0033 : B5 E0 		"  "		lda	X00E0,x
0035 : F0 0F 		"  "		beq	L0046
0037 : C5 A1 		"  "		cmp	X00A1
0039 : 90 08 		"  "		bcc	L0043
003B : 99 A2 00 	"   "		sta	X00A2,y
003E : 88 		" "		dey
003F : A9 00 		"  "		lda	#$00
0041 : 95 E0 		"  "		sta	X00E0,x
0043				L0043:
0043 : CA 		" "		dex
0044 : 10 ED 		"  "		bpl	L0033
0046				L0046:
0046 : A5 EC 		"  "		lda	X00EC
0048 : 85 EB 		"  "		sta	X00EB
004A : 20 75 0D 	" u "		jsr	L0D75
004D : A4 EC 		"  "		ldy	X00EC
004F : A2 07 		"  "		ldx	#$07
0051				L0051:
0051 : B5 A2 		"  "		lda	X00A2,x
0053 : 95 E0 		"  "		sta	X00E0,x
0055 : 88 		" "		dey
0056 : 30 08 		"0 "		bmi	L0060
0058 : B5 D8 		"  "		lda	X00D8,x
005A : 95 A2 		"  "		sta	X00A2,x
005C : 09 40 		" @"		ora	#$40
005E : 95 D8 		"  "		sta	X00D8,x
0060				L0060:
0060 : CA 		" "		dex
0061 : 10 EE 		"  "		bpl	L0051
0063 : 38 		"8"		sec
0064 : A9 10 		"  "		lda	#$10
0066 : E5 EC 		"  "		sbc	X00EC
0068 : AA 		" "		tax
0069 : 38 		"8"		sec
006A : A5 EA 		"  "		lda	X00EA
006C : E5 EC 		"  "		sbc	X00EC
006E : 85 EB 		"  "		sta	X00EB
0070 : 20 77 0D 	" w "		jsr	L0D77
0073 : A4 EC 		"  "		ldy	X00EC
0075 : A2 07 		"  "		ldx	#$07
0077				L0077:
0077 : 88 		" "		dey
0078 : 30 04 		"0 "		bmi	L007E
007A : B5 A2 		"  "		lda	X00A2,x
007C : 95 D8 		"  "		sta	X00D8,x
007E				L007E:
007E : A9 00 		"  "		lda	#$00
0080 : 95 A2 		"  "		sta	X00A2,x
0082 : CA 		" "		dex
0083 : 10 F2 		"  "		bpl	L0077
0085 : 30 89 		"0 "		bmi	L0010

;--------------------------------------------------------------
Symbol table
============

Value	Type	Name
-----	----	----
0004	 04	L0004
0006	 04	L0006
0010	 04	L0010
0023	 04	L0023
002F	 04	L002F
0033	 04	L0033
0043	 04	L0043
0046	 04	L0046
0051	 04	L0051
0060	 04	L0060
0077	 04	L0077
007E	 04	L007E
00A1	 04	X00A1
00A2	 04	X00A2
00D8	 04	X00D8
00E0	 04	X00E0
00E7	 04	X00E7
00EA	 04	X00EA
00EB	 04	X00EB
00EC	 04	X00EC
0D21	 04	L0D21
0D23	 04	L0D23
0D2B	 04	L0D2B
0D75	 04	L0D75
0D77	 04	L0D77
0F00	 04	L0F00

Number of symbols:			26

;--------------------------------------------------------------