					KBD		=$0810
					DISP	=$0820
					D/A		=$0900
					S/H		=$09EF
					DECD	=$0F00

					CTRL	=$00E8
					ODLY	=$00E9
					OUTS	=$00EA
					OUTT	=$00EB
					
					ATCK	=$00BA
					DCY		=$00BB
					SUST	=$00BC
					RLS		=$00BD
					PEAK	=$00BE
					CWRD	=$00BE
					TBEG	=$00BF
					CLCK	=$00BF
					TTBL	=$00BF	;also clck C0-CF
					
					PARM	=$00CE
					NTBL	=$00CF	;NTBL D0-DF?
					
					KTBL	=$00DF

					LAST	=$00A9

					org	$0D00
				;
0D00				OPTN:
0D00 : 20 21 0D 		jsr	INIT
0D03				LOOP:
0D03 : 20 71 0D 		jsr	POLY
0D06 : 20 C3 0D 		jsr	TRGN
0D09 : 20 2B 0D 		jsr	NOTE
0D0C : A5 BF 			lda	CLCK
0D0E : 8D 20 08 		sta	DISP
0D11 : 20 00 0F 		jsr	DECD
0D14 : C9 01 			cmp	#$01
0D16 : 30 E8 			bmi	OPTN
0D18 : D0 E9 			bne	LOOP
0D1A : A0 5C 			ldy	#$5C
0D1C : 20 52 0D 		jsr	FILL
0D1F : F0 E2 			beq	LOOP

0D21				INIT:
0D21 : A9 00 			lda	#$00
0D23 : A2 28 			ldx	#$28
0D25 : D8 				cld
0D26				INIT1:
0D26 : 95 BF 			sta	CLCK,x
0D28 : CA 				dex
0D29 : D0 FB 			bne	INIT1

0D2B				NOTE:
0D2B : A2 10 			ldx	#$10
0D2D				NO0:
0D2D : B5 CF 			lda	NTBL,x
0D2F : 18 				clc
0D30 : 75 BF 			adc	TTBL,x
0D32 : 8D 00 09 		sta	D/A
0D35 : 9D EF 09 		sta	S/H,x
0D38 : 30 0F 			bmi	NO2
0D3A : 09 80 			ora	#$80
0D3C : 24 E8 			bit	CTRL
0D3E : 50 04 			bvc	DLAY
0D40 : D5 A9 			cmp	LAST,x
0D42 : F0 05 			beq	NO2
0D44				DLAY:
0D44 : A4 E9 			ldy	ODLY
0D46				NO1:
0D46 : 88 				dey
0D47 : D0 FD 			bne	NO1
0D49				NO2:
0D49 : 95 A9 			sta	LAST,x
0D4B : CA 				dex
0D4C : D0 DF 			bne	NO0

0D4E : E6 BF 			inc	CLCK
0D50 : A0 00 			ldy	#$00
0D52				FILL:
0D52 : A2 08 			ldx	#$08
0D54				LK2:
0D54 : AD 10 08 		lda	KBD
0D57 : 30 FB 			bmi	LK2
0D59				LK3:
0D59 : AD 10 08 		lda	KBD
0D5C : 30 0F 			bmi	DONE
0D5E : 2A 				rol	a
0D5F : 10 F8 			bpl	LK3
0D61 : 6A 				ror	a
0D62 : 95 DF 			sta	KTBL,x
0D64				LK4:
0D64 : CD 10 08 		cmp	KBD
0D67 : F0 FB 			beq	LK4
0D69				LK0:
0D69 : CA 				dex
0D6A : D0 ED 			bne	LK3
0D6C : 60 				rts
				;
0D6D				DONE:
0D6D : 94 DF 			sty	KTBL,x
0D6F : 30 F8 			bmi	LK0

0D71				POLY:
0D71 : A5 EA 			lda	OUTS
0D73 : 85 EB 			sta	OUTT
0D75 : A2 10 			ldx	#$10
0D77				POL0:
0D77 : B5 CF 			lda	NTBL,x
0D79 : F0 27 			beq	NWKY
0D7B : 29 7F 			and	#$7F
0D7D : 09 40 			ora	#$40
0D7F : A0 09 			ldy	#$09
0D81				LP0:
0D81 : 88 				dey
0D82 : F0 12 			beq	NEXT1
0D84 : D9 DF 00 		cmp	KTBL,y
0D87 : D0 F8 			bne	LP0
0D89 : 95 CF 			sta	NTBL,x
0D8B : C6 EB 			dec	OUTT
0D8D : F0 33 			beq	OUT
0D8F : A9 00 			lda	#$00
0D91 : 99 DF 00 		sta	KTBL,y
0D94 : F0 04 			beq	LP1
0D96				NEXT1:
0D96 : 29 BF 			and	#$BF
0D98 : 95 CF 			sta	NTBL,x
0D9A				LP1:
0D9A : 24 E8 			bit	CTRL
0D9C : 10 01 			bpl	SKP1
0D9E : CA 				dex
0D9F				SKP1:
0D9F : CA 				dex
0DA0 : D0 D5 			bne	POL0

0DA2				NWKY:
0DA2 : A2 10 			ldx	#$10
0DA4 : A0 09 			ldy	#$09
0DA6				NK1:
0DA6 : A9 40 			lda	#$40
0DA8 : 35 CF 			and	NTBL,x
0DAA : D0 0E 			bne	NK3
0DAC				NK2:
0DAC : 88 				dey
0DAD : F0 13 			beq	OUT
0DAF : B9 DF 00 		lda	KTBL,y
0DB2 : F0 F8 			beq	NK2
0DB4 : 95 CF 			sta	NTBL,x
0DB6 : C6 EB 			dec	OUTT
0DB8 : F0 08 			beq	OUT
0DBA				NK3:
0DBA : 24 E8 			bit	CTRL
0DBC : 10 01 			bpl	SKP2
0DBE : CA 				dex
0DBF				SKP2:
0DBF : CA 				dex
0DC0 : D0 E4 			bne	NK1
0DC2				OUT:
0DC2 : 60 				rts
				;
				
0DC3				TRGN:
0DC3 : A5 E8 			lda	CTRL
0DC5 : 10 38 			bpl	RTN1
0DC7 : A2 10 			ldx	#$10

0DC9				ADSR:
0DC9 : A0 40 			ldy	#$40
0DCB : B5 CF 			lda	NTBL,x
0DCD : 2A 				rol	a
0DCE : 2A 				rol	a
0DCF : B5 CE 			lda	PARM,x
0DD1 : 90 19 			bcc	RELS
0DD3 : 10 0B 			bpl	DS
				;Attk
0DD5 : 18 				clc
0DD6 : 65 BA 			adc	ATCK
0DD8 : C9 BF 			cmp	#$BF
0DDA : 90 1B 			bcc	NEXT2
0DDC : A5 BE 			lda	PEAK
0DDE : D0 17 			bne	NEXT2

0DE0				DS:
0DE0 : A0 C0 			ldy	#$C0
0DE2 : E5 BB 			sbc	DCY
0DE4 : C5 BC 			cmp	SUST
0DE6 : 10 0F 			bpl	NEXT2
0DE8 : A5 BC 			lda	SUST
0DEA : 10 0B 			bpl	NEXT2

0DEC				RELS:
0DEC : 38 				sec
0DED : 09 80 			ora	#$80
0DEF : E5 BD 			sbc	RLS
0DF1 : 30 04 			bmi	NEXT2
0DF3 : A0 00 			ldy	#$00
0DF5 : A9 80 			lda	#$80
0DF7				NEXT2:
0DF7 : 94 BE 			sty	CWRD,x
0DF9 : 95 CE 			sta	PARM,x
0DFB : CA 				dex
0DFC : CA 				dex
0DFD : D0 CA 			bne	ADSR
0DFF				RTN1:
0DFF : 60 				rts

;--------------------------------------------------------------
Symbol table
============

Value	Type	Name
-----	----	----
00A9	 04	LAST
00BA	 04	ATCK
00BB	 04	DCY
00BC	 04	SUST
00BD	 04	RLS
00BE	 04	PEAK
00BF	 04	CLCK
00CE	 04	PARM
00CF	 04	NTBL
00DF	 04	KTBL
00E8	 04	CTRL
00E9	 04	ODLY
00EA	 04	OUTS
00EB	 04	OUTT
0810	 04	KBD
0820	 04	DISP
0900	 04	D/A
09EF	 04	S/H
0D00	 04	OPTN
0D03	 04	LOOP
0D21	 04	INIT
0D26	 04	INIT1
0D2B	 04	NOTE
0D2D	 04	NO0
0D44	 04	DLAY
0D46	 04	NO1
0D49	 04	NO2
0D52	 04	FILL
0D54	 04	LK2
0D59	 04	LK3
0D64	 04	LK4
0D69	 04	LK0
0D6D	 04	DONE
0D71	 04	POLY
0D77	 04	POL0
0D81	 04	LP0
0D96	 04	NEXT1
0D9A	 04	LP1
0D9F	 04	SKP1
0DA2	 04	NWKY
0DA6	 04	NK1
0DAC	 04	NK2
0DBA	 04	NK3
0DBF	 04	SKP2
0DC2	 04	OUT
0DC3	 04	TRGN
0DC9	 04	ADSR
0DE0	 04	DS
0DEC	 04	RELS
0DF7	 04	NEXT2
0DFF	 04	RTN1
0F00	 04	DECD