					org	$0000
				;
0000				X0000:
0000 : 4C C0 FF 	"L  "		jmp	LFFC0
				;
0003 : 20 21 0D 	" ! "		jsr	L0D21
0006 : AD 10 08 	"   "		lda	X0810
0009 : 85 D0 		"  "		sta	X00D0
000B				L000B:
000B : 20 71 01 	" q "		jsr	L0171
000E				L000E:
000E : 20 2B 0D 	" + "		jsr	L0D2B
0011 : A5 E7 		"  "		lda	X00E7
0013 : F0 02 		"  "		beq	L0017
0015 : C5 EC 		"  "		cmp	X00EC
0017				L0017:
0017 : 85 EC 		"  "		sta	X00EC
0019 : F0 0A 		"  "		beq	L0025
001B : A2 10 		"  "		ldx	#$10
001D				L001D:
001D : B4 8F 		"  "		ldy	X008F,x
001F : 95 8F 		"  "		sta	X008F,x
0021 : 98 		" "		tya
0022 : CA 		" "		dex
0023 : D0 F8 		"  "		bne	L001D
0025				L0025:
0025 : A5 BF 		"  "		lda	X00BF
0027 : D0 1A 		"  "		bne	L0043
0029 : A5 A9 		"  "		lda	X00A9
002B : 85 BF 		"  "		sta	X00BF
002D : 20 53 01 	" S "		jsr	L0153
0030 : A5 A8 		"  "		lda	X00A8
0032 : 8D 20 08 	"   "		sta	X0820
0035 : F0 0C 		"  "		beq	L0043
0037 : C6 A8 		"  "		dec	X00A8
0039 : D0 08 		"  "		bne	L0043
003B : 20 71 01 	" q "		jsr	L0171
003E : 20 53 01 	" S "		jsr	L0153
0041 : F0 CB 		"  "		beq	L000E
0043				L0043:
0043 : 20 00 0F 	"   "		jsr	L0F00
0046 : D0 0C 		"  "		bne	L0054
0048 : A2 03 		"  "		ldx	#$03
004A				L004A:
004A : 20 00 01 	"   "		jsr	L0100
004D : 95 CF 		"  "		sta	X00CF,x
004F : CA 		" "		dex
0050 : D0 F8 		"  "		bne	L004A
0052 : F0 B7 		"  "		beq	L000B
0054				L0054:
0054 : C9 01 		"  "		cmp	#$01
0056 : D0 0C 		"  "		bne	L0064
0058				X0058:
0058 : A2 04 		"  "		ldx	#$04
005A : A9 5C 		" \"		lda	#$5C
005C				L005C:
005C : 9D DB 00 	"   "		sta	X00DB,x
005F : CA 		" "		dex
0060 : D0 FA 		"  "		bne	L005C
0062 : F0 AA 		"  "		beq	L000E
0064				L0064:
0064 : C9 02 		"  "		cmp	#$02
0066 : D0 A6 		"  "		bne	L000E
0068 : 20 71 01 	" q "		jsr	L0171
006B : 20 2B 0D 	" + "		jsr	L0D2B
006E : 00 		" "		brk
006F : 08 		" "		php
				;
0070 : 3A 		":"		db	$3A
0071 : BF 		" "		db	$BF
0072 : 0C 		" "		db	$0C
0073 : 0C 		" "		db	$0C
0074 : BF 		" "		db	$BF
0075 : BF 		" "		db	$BF
0076 : 0C 		" "		db	$0C
				;
0077 : 08 		" "		php
				;
0078 : BF 		" "		db	$BF
0079 : BF 		" "		db	$BF
007A : 0C 		" "		db	$0C
				;
007B : 18 		" "		clc
				;
007C : BF 		" "		db	$BF
007D : BF 		" "		db	$BF
				;
007E : 20 08 B7 	"   "		jsr	LB708
				;
0081 : C9 		" "		db	$C9
				;
0082				L0082:
0082 : D0 F1 		"  "		bne	$0075
0084 : 85 A0 		"  "		sta	X00A0
0086 : EA 		" "		nop
0087				X0087:
0087 : EA 		" "		nop
				;
0088 : 02 		" "		db	$02
0089 : 04 		" "		db	$04
				;
008A : 01 01 		"  "		ora	(X0001,x)
				;
008C : F2 		" "		db	$F2
				;
008D : F0 F3 		"  "		beq	L0082
				;
008F				X008F:
008F : F3 		" "		db	$F3
0090				X0090:
0090 : 5A 		"Z"		db	$5A
				;
0091 : 5D 5F 62 	"]_b"		eor	X625F,x
				;
0094 : 64 		"d"		db	$64
0095 : 62 		"b"		db	$62
0096 : 5F 		"_"		db	$5F
				;
0097 : 5D 5A 58 	"]ZX"		eor	X585A,x
009A : 56 53 		"VS"		lsr	X0053,x
009C : 51 53 		"QS"		eor	(X0053),y
009E : 56 58 		"VX"		lsr	X0058,x
00A0				X00A0:
00A0 : 00 		" "		brk
00A1 : 00 		" "		brk
00A2 : 00 		" "		brk
00A3 : 00 		" "		brk
00A4				X00A4:
00A4 : 00 		" "		brk
00A5				X00A5:
00A5 : 00 		" "		brk
00A6 : 00 		" "		brk
00A7				X00A7:
00A7 : 00 		" "		brk
				;
00A8				X00A8:
00A8 : FA 		" "		db	$FA
00A9				X00A9:
00A9 : FA 		" "		db	$FA
00AA : 80 		" "		db	$80
00AB : 80 		" "		db	$80
00AC : 80 		" "		db	$80
00AD : 80 		" "		db	$80
00AE : 80 		" "		db	$80
00AF : 80 		" "		db	$80
00B0 : 80 		" "		db	$80
00B1 : 80 		" "		db	$80
00B2 : 80 		" "		db	$80
00B3 : 80 		" "		db	$80
00B4 : 80 		" "		db	$80
00B5 : 80 		" "		db	$80
00B6 : 80 		" "		db	$80
00B7 : 80 		" "		db	$80
00B8 : 80 		" "		db	$80
00B9 : 80 		" "		db	$80
				;
00BA : A2 3F 		" ?"		ldx	#$3F
00BC : 20 21 01 	" ! "		jsr	L0121
00BF				X00BF:
00BF : AE 00 00 	"   "		ldx	X0000
00C2 : 00 		" "		brk
00C3				X00C3:
00C3 : 00 		" "		brk
00C4 : 00 		" "		brk
00C5 : 00 		" "		brk
00C6 : 00 		" "		brk
00C7 : 00 		" "		brk
00C8 : 00 		" "		brk
00C9 : 00 		" "		brk
00CA : 00 		" "		brk
00CB : 00 		" "		brk
00CC : 00 		" "		brk
00CD : 00 		" "		brk
00CE : 00 		" "		brk
00CF				X00CF:
00CF : 00 		" "		brk
00D0				X00D0:
00D0 : 00 		" "		brk
00D1 : 00 		" "		brk
00D2 : 00 		" "		brk
00D3 : 00 		" "		brk
00D4 : 00 		" "		brk
00D5 : 00 		" "		brk
00D6 : 00 		" "		brk
00D7 : 00 		" "		brk
00D8 : 00 		" "		brk
00D9 : 00 		" "		brk
00DA : 00 		" "		brk
00DB				X00DB:
00DB : 00 		" "		brk
00DC : 00 		" "		brk
00DD : 00 		" "		brk
00DE : 00 		" "		brk
00DF : 00 		" "		brk
00E0 : 00 		" "		brk
00E1 : 00 		" "		brk
00E2 : 00 		" "		brk
00E3 : 00 		" "		brk
00E4 : 00 		" "		brk
00E5 : 00 		" "		brk
00E6 : 00 		" "		brk
00E7				X00E7:
00E7 : 00 		" "		brk
00E8 : 00 		" "		brk
00E9 : 20 04 04 	"   "		jsr	L0404
00EC				X00EC:
00EC : 00 		" "		brk
				;
00ED : FF 		" "		db	$FF
00EE : B3 		" "		db	$B3
00EF : FF 		" "		db	$FF
				;
00F0 : DD 02 FF 	"   "		cmp	XFF02,x
00F3 : 01 00 		"  "		ora	(X0000,x)
00F5 : 00 		" "		brk
00F6 : F6 00 		"  "		inc	X0000,x
00F8 : 16 82 		"  "		asl	L0082,x
00FA : 00 		" "		brk
00FB : 00 		" "		brk
00FC : 6E 00 FF 	"n  "		ror	XFF00
00FF : 00 		" "		brk
0100				L0100:
0100 : 8A 		" "		txa
0101 : 48 		"H"		pha
0102 : A5 A5 		"  "		lda	X00A5
0104 : 0A 		" "		asl	a
0105 : 45 A5 		"E "		eor	X00A5
0107 : 0A 		" "		asl	a
0108 : 0A 		" "		asl	a
0109 : 0A 		" "		asl	a
010A : A2 03 		"  "		ldx	#$03
010C				L010C:
010C : 36 A4 		"6 "		rol	X00A4,x
010E : CA 		" "		dex
010F : D0 FB 		"  "		bne	L010C
0111 : 68 		"h"		pla
0112 : AA 		" "		tax
0113 : A5 A7 		"  "		lda	X00A7
0115 : 60 		"`"		rts
				;
0116				L0116:
0116 : A2 05 		"  "		ldx	#$05
0118 : A5 EA 		"  "		lda	X00EA
011A : C6 EA 		"  "		dec	X00EA
011C : 45 EA 		"E "		eor	X00EA
011E : 85 EB 		"  "		sta	X00EB
				;
0120 : A9 		" "		db	$A9
0121				L0121:
0121 : 00 		" "		db	$00
				;
0122				L0122:
0122 : 46 EB 		"F "		lsr	X00EB
0124 : 90 0A 		"  "		bcc	L0130
0126 : 48 		"H"		pha
0127 : 20 00 01 	"   "		jsr	L0100
012A : 29 03 		") "		and	#$03
012C : 95 9F 		"  "		sta	X009F,x
012E : 68 		"h"		pla
012F : 18 		" "		clc
0130				L0130:
0130 : 75 9F 		"u "		adc	X009F,x
0132 : CA 		" "		dex
0133 : D0 ED 		"  "		bne	L0122
0135 : AA 		" "		tax
0136 : B5 90 		"  "		lda	X0090,x
0138 : F0 03 		"  "		beq	L013D
013A : 99 BF 00 	"   "		sta	X00BF,y
013D				L013D:
013D : A5 A5 		"  "		lda	X00A5
013F : 18 		" "		clc
0140 : 39 8B 00 	"9  "		and	X008B,y
0143 : 79 87 00 	"y  "		adc	X0087,y
0146 : 29 0F 		") "		and	#$0F
0148 : AA 		" "		tax
0149 : A9 01 		"  "		lda	#$01
014B				L014B:
014B : 2A 		"*"		rol	a
014C : CA 		" "		dex
014D : D0 FC 		"  "		bne	L014B
014F : 99 C3 00 	"   "		sta	X00C3,y
0152 : 60 		"`"		rts
				;
0153				L0153:
0153 : A2 04 		"  "		ldx	#$04
0155				L0155:
0155 : D6 C3 		"  "		dec	X00C3,x
0157 : D0 07 		"  "		bne	L0160
0159 : 8A 		" "		txa
015A : A8 		" "		tay
015B : 20 16 01 	"   "		jsr	L0116
015E : 98 		" "		tya
015F : AA 		" "		tax
0160				L0160:
0160 : CA 		" "		dex
0161 : D0 F2 		"  "		bne	L0155
0163 : A2 04 		"  "		ldx	#$04
0165				L0165:
0165 : B5 BF 		"  "		lda	X00BF,x
0167 : 95 DB 		"  "		sta	X00DB,x
0169 : 29 3F 		")?"		and	#$3F
016B : 95 BF 		"  "		sta	X00BF,x
016D : CA 		" "		dex
016E : D0 F5 		"  "		bne	L0165
0170 : 60 		"`"		rts
				;
0171				L0171:
0171 : A9 00 		"  "		lda	#$00
0173 : A0 01 		"  "		ldy	#$01
0175 : A2 04 		"  "		ldx	#$04
0177				L0177:
0177 : 95 DB 		"  "		sta	X00DB,x
0179 : 95 A0 		"  "		sta	X00A0,x
017B : 94 C3 		"  "		sty	X00C3,x
017D : 48 		"H"		pha
017E : B5 CF 		"  "		lda	X00CF,x
0180 : 95 A4 		"  "		sta	X00A4,x
0182 : 68 		"h"		pla
0183 : CA 		" "		dex
0184 : D0 F1 		"  "		bne	L0177
0186 : 85 A0 		"  "		sta	X00A0
0188 : 85 EA 		"  "		sta	X00EA
018A : 60 		"`"		rts
				;
018B : 04 		" "		db	$04
018C : B7 		" "		db	$B7
018D : B7 		" "		db	$B7
018E : 04 		" "		db	$04
018F : 04 		" "		db	$04
0190 : B7 		" "		db	$B7
0191 : B7 		" "		db	$B7
0192 : 04 		" "		db	$04
0193 : 04 		" "		db	$04
0194 : B7 		" "		db	$B7
0195 : B7 		" "		db	$B7
0196 : 04 		" "		db	$04
0197 : 04 		" "		db	$04
0198 : B7 		" "		db	$B7
0199 : B7 		" "		db	$B7
019A : 04 		" "		db	$04
019B : 04 		" "		db	$04
019C : B7 		" "		db	$B7
019D : B7 		" "		db	$B7
019E : 04 		" "		db	$04
019F : 04 		" "		db	$04
01A0 : B7 		" "		db	$B7
				;
01A1 : 00 		" "		brk
01A2 : B5 F7 		"  "		lda	X00F7,x
01A4 : 00 		" "		brk
01A5 : B5 F7 		"  "		lda	X00F7,x
01A7 : 00 		" "		brk
01A8 : B5 F7 		"  "		lda	X00F7,x
01AA : 00 		" "		brk
01AB : B5 F7 		"  "		lda	X00F7,x
01AD : 00 		" "		brk
01AE : B5 F7 		"  "		lda	X00F7,x
01B0 : 00 		" "		brk
01B1 : B5 F7 		"  "		lda	X00F7,x
01B3 : 00 		" "		brk
01B4 : B5 F7 		"  "		lda	X00F7,x
01B6 : 00 		" "		brk
01B7 : B5 F7 		"  "		lda	X00F7,x
01B9 : 00 		" "		brk
01BA : B5 F7 		"  "		lda	X00F7,x
01BC : 00 		" "		brk
01BD : B5 F7 		"  "		lda	X00F7,x
01BF : 00 		" "		brk
01C0 : B5 F7 		"  "		lda	X00F7,x
01C2 : 00 		" "		brk
01C3 : B5 F7 		"  "		lda	X00F7,x
01C5 : 00 		" "		brk
01C6 : B5 F7 		"  "		lda	X00F7,x
01C8 : 00 		" "		brk
01C9 : B5 F7 		"  "		lda	X00F7,x
01CB : 00 		" "		brk
01CC : B5 F7 		"  "		lda	X00F7,x
01CE : 00 		" "		brk
01CF : B5 F7 		"  "		lda	X00F7,x
01D1 : 00 		" "		brk
01D2 : B5 F7 		"  "		lda	X00F7,x
01D4 : 00 		" "		brk
01D5 : B5 F7 		"  "		lda	X00F7,x
01D7 : 00 		" "		brk
01D8 : B5 F7 		"  "		lda	X00F7,x
01DA : 00 		" "		brk
01DB : B5 F7 		"  "		lda	X00F7,x
01DD : 00 		" "		brk
01DE : B5 F7 		"  "		lda	X00F7,x
01E0 : 00 		" "		brk
01E1 : B5 F7 		"  "		lda	X00F7,x
01E3 : 00 		" "		brk
01E4 : B5 F7 		"  "		lda	X00F7,x
01E6 : 00 		" "		brk
01E7 : B5 F7 		"  "		lda	X00F7,x
01E9 : 00 		" "		brk
01EA : B5 F7 		"  "		lda	X00F7,x
01EC : 00 		" "		brk
01ED : B5 F7 		"  "		lda	X00F7,x
01EF : 00 		" "		brk
01F0 : B5 00 		"  "		lda	X0000,x
				;
01F2 : 0B 		" "		db	$0B
				;
01F3 : 3D 21 0E 	"=! "		and	X0E21,x
01F6 : 41 0E 		"A "		eor	(L000E,x)
01F8 : 01 01 		"  "		ora	(X0001,x)
01FA : 79 0E C3 	"y  "		adc	XC30E,y
01FD : 0E 14 0E 	"   "		asl	X0E14

;--------------------------------------------------------------
Symbol table
============

Value	Type	Name
-----	----	----
0000	 04	X0000
0001	 04	X0001
000B	 04	L000B
000E	 04	L000E
0017	 04	L0017
001D	 04	L001D
0025	 04	L0025
0043	 04	L0043
004A	 04	L004A
0053	 04	X0053
0054	 04	L0054
0058	 04	X0058
005C	 04	L005C
0064	 04	L0064
0082	 04	L0082
0085	 04	X0085
0087	 04	X0087
008B	 04	X008B
008F	 04	X008F
0090	 04	X0090
009F	 04	X009F
00A0	 04	X00A0
00A4	 04	X00A4
00A5	 04	X00A5
00A7	 04	X00A7
00A8	 04	X00A8
00A9	 04	X00A9
00BF	 04	X00BF
00C3	 04	X00C3
00CF	 04	X00CF
00D0	 04	X00D0
00DB	 04	X00DB
00E7	 04	X00E7
00EA	 04	X00EA
00EB	 04	X00EB
00EC	 04	X00EC
00F7	 04	X00F7
0100	 04	L0100
010C	 04	L010C
0116	 04	L0116
0121	 04	L0121
0122	 04	L0122
0130	 04	L0130
013D	 04	L013D
014B	 04	L014B
0153	 04	L0153
0155	 04	L0155
0160	 04	L0160
0165	 04	L0165
0171	 04	L0171
0177	 04	L0177
0404	 04	L0404
0810	 04	X0810
0820	 04	X0820
0D21	 04	L0D21
0D2B	 04	L0D2B
0E14	 04	X0E14
0E21	 04	X0E21
0F00	 04	L0F00
585A	 04	X585A
625F	 04	X625F
B708	 04	LB708
C30E	 04	XC30E
FF00	 04	XFF00
FF02	 04	XFF02
FFC0	 04	LFFC0

Number of symbols:			66

;--------------------------------------------------------------