					org	$0000
				;
0000				X0000:
0000 : A9 00 		"  "		lda	#$00
				;
0002 : 85 		" "		db	$85
0003				L0003:
0003 : E2 		" "		db	$E2
				;
0004 : A9 0C 		"  "		lda	#$0C
0006 : 8D 7B 11 	" { "		sta	X117B
0009 : 4C 18 11 	"L  "		jmp	L1118
				;
000C : B0 05 		"  "		bcs	L0013
000E				X000E:
000E : 85 E6 		"  "		sta	X00E6
0010 : 8D 20 08 	"   "		sta	X0820
0013				L0013:
0013 : A5 EC 		"  "		lda	X00EC
0015 : D0 04 		"  "		bne	L001B
0017 : A5 EB 		"  "		lda	X00EB
0019 : 29 3F 		")?"		and	#$3F
001B				L001B:
001B : 85 EB 		"  "		sta	X00EB
001D : 60 		"`"		rts
				;
001E : B0 0A 		"  "		bcs	L002A
0020 : 85 E6 		"  "		sta	X00E6
0022 : 85 EB 		"  "		sta	X00EB
0024 : 85 E7 		"  "		sta	X00E7
0026 : A9 80 		"  "		lda	#$80
0028 : 85 E2 		"  "		sta	X00E2
002A				L002A:
002A : A6 E7 		"  "		ldx	X00E7
002C : 8E 20 08 	"   "		stx	X0820
002F : A5 EC 		"  "		lda	X00EC
0031 : F0 06 		"  "		beq	L0039
0033 : C5 EB 		"  "		cmp	X00EB
0035 : F0 05 		"  "		beq	L003C
0037 : E6 E7 		"  "		inc	X00E7
0039				L0039:
0039 : 9D C0 02 	"   "		sta	X02C0,x
003C				L003C:
003C : 85 EB 		"  "		sta	X00EB
003E : 60 		"`"		rts
				;
003F				X003F:
003F : 20 84 11 	"   "		jsr	L1184
0042 : E6 E5 		"  "		inc	X00E5
0044 : 60 		"`"		rts
				;
0045 : 38 		"8"		sec
0046				L0046:
0046 : 20 AC 11 	"   "		jsr	L11AC
0049 : AD 14 11 	"   "		lda	X1114
004C : C5 E3 		"  "		cmp	X00E3
004E : D0 02 		"  "		bne	L0052
0050 : E6 E9 		"  "		inc	X00E9
0052				L0052:
0052 : 24 E2 		"$ "		bit	X00E2
0054 : 30 0A 		"0 "		bmi	L0060
0056 : A5 EC 		"  "		lda	X00EC
0058 : F0 02 		"  "		beq	L005C
005A : 85 E4 		"  "		sta	X00E4
005C				L005C:
005C : A5 E4 		"  "		lda	X00E4
005E : 85 E6 		"  "		sta	X00E6
0060				L0060:
0060 : E6 E5 		"  "		inc	X00E5
0062 : 60 		"`"		rts
				;
0063				X0063:
0063 : 90 04 		"  "		bcc	L0069
0065 : A5 EC 		"  "		lda	X00EC
0067 : D0 DD 		"  "		bne	L0046
0069				L0069:
0069 : 20 46 10 	" F "		jsr	L1046
006C : A5 EA 		"  "		lda	X00EA
006E : D0 0B 		"  "		bne	L007B
0070 : A9 00 		"  "		lda	#$00
0072 : 85 E5 		"  "		sta	X00E5
0074 : A6 E8 		"  "		ldx	X00E8
0076 : BD 01 03 	"   "		lda	X0301,x
0079 : 85 EB 		"  "		sta	X00EB
007B				L007B:
007B : 60 		"`"		rts
				;
007C : A9 7E 		" ~"		lda	#$7E
007E : D0 02 		"  "		bne	L0082
0080 : A9 3E 		" >"		lda	#$3E
0082				L0082:
0082 : 4C 00 12 	"L  "		jmp	L1200
				;
0085				X0085:
0085 : 18 		" "		clc
0086 : A5 E5 		"  "		lda	X00E5
0088 : 65 E1 		"e "		adc	X00E1
008A : 85 E5 		"  "		sta	X00E5
008C : A5 E3 		"  "		lda	X00E3
008E : 8D 7B 11 	" { "		sta	X117B
0091 : 60 		"`"		rts
				;
0092				X0092:
0092 : B0 0E 		"  "		bcs	L00A2
0094 : A9 FF 		"  "		lda	#$FF
0096 : 85 E5 		"  "		sta	X00E5
0098 : 20 B6 11 	"   "		jsr	L11B6
009B : 8E 20 08 	"   "		stx	X0820
009E : A9 00 		"  "		lda	#$00
00A0 : 85 E6 		"  "		sta	X00E6
00A2				L00A2:
00A2 : 60 		"`"		rts
				;
00A3 : B0 02 		"  "		bcs	L00A7
00A5 : 85 E5 		"  "		sta	X00E5
00A7				L00A7:
00A7 : 20 84 11 	"   "		jsr	L1184
00AA : A5 E5 		"  "		lda	X00E5
00AC : D0 05 		"  "		bne	L00B3
00AE : 18 		" "		clc
00AF : 65 E1 		"e "		adc	X00E1
00B1 : 85 E5 		"  "		sta	X00E5
00B3				L00B3:
00B3 : 60 		"`"		rts
				;
00B4 : 85 E9 		"  "		sta	X00E9
00B6 : A5 E2 		"  "		lda	X00E2
00B8 : 09 80 		"  "		ora	#$80
00BA : D0 0E 		"  "		bne	L00CA
00BC : A5 E2 		"  "		lda	X00E2
00BE : 09 40 		" @"		ora	#$40
00C0 : D0 08 		"  "		bne	L00CA
00C2 : A5 E2 		"  "		lda	X00E2
00C4 : 09 01 		"  "		ora	#$01
00C6 : D0 02 		"  "		bne	L00CA
00C8 : A9 00 		"  "		lda	#$00
00CA				L00CA:
00CA : 85 E2 		"  "		sta	X00E2
00CC : 4C 0F 12 	"L  "		jmp	L120F
				;
00CF : 18 		" "		clc
00D0 : 20 25 1E 	" % "		jsr	L1E25
00D3 : 60 		"`"		rts
00D4 : 4C 54 12 	"LT "		jmp	L1254
00D7 : 4C 20 12 	"L  "		jmp	L1220
00DA : 4C 33 12 	"L3 "		jmp	L1233
				;
00DD : FF 		" "		db	$FF
00DE : FF 		" "		db	$FF
				;
00DF				X00DF:
00DF : 00 		" "		brk
00E0				X00E0:
00E0 : 00 		" "		brk
				;
00E1				X00E1:
00E1 : 80 		" "		db	$80
00E2				X00E2:
00E2 : 80 		" "		db	$80
				;
00E3				X00E3:
00E3 : 46 00 		"F "		lsr	X0000
00E5				X00E5:
00E5 : 01 63 		" c"		ora	(X0063,x)
00E7				X00E7:
00E7 : 08 		" "		php
00E8				X00E8:
00E8 : 4A 		"J"		lsr	a
				;
00E9				X00E9:
00E9 : 04 		" "		db	$04
				;
00EA				X00EA:
00EA : 0A 		" "		asl	a
00EB				X00EB:
00EB : 68 		"h"		pla
00EC				X00EC:
00EC : 00 		" "		brk
				;
00ED : FF 		" "		db	$FF
				;
00EE : 49 FF 		"I "		eor	#$FF
00F0				X00F0:
00F0 : DD 01 80 	"   "		cmp	X8001,x
				;
00F3 : 02 		" "		db	$02
				;
00F4 : 00 		" "		brk
00F5 : 00 		" "		brk
00F6 : F6 00 		"  "		inc	X0000,x
00F8 : 16 77 		" w"		asl	X0077,x
				;
00FA : 0F 		" "		db	$0F
				;
00FB : FE 0F F6 	"   "		inc	XF60F,x
				;
00FE : FF 		" "		db	$FF
				;
00FF : 00 		" "		brk
0100 : 85 85 		"  "		sta	X0085
0102 : 85 85 		"  "		sta	X0085
				;
0104 : C2 		" "		db	$C2
				;
0105 : BC B4 C8 	"   "		ldy	XC8B4,x
				;
0108 : CF 		" "		db	$CF
0109 : D4 		" "		db	$D4
010A : 80 		" "		db	$80
010B : 7C 		"|"		db	$7C
010C : DA 		" "		db	$DA
010D : D7 		" "		db	$D7
010E : 0C 		" "		db	$0C
010F : 0C 		" "		db	$0C
				;
0110 : 45 92 		"E "		eor	X0092
				;
0112 : 63 		"c"		db	$63
				;
0113 : 46 3F 		"F?"		lsr	X003F
				;
0115 : A3 		" "		db	$A3
0116 : 1E 		" "		db	$1E
0117 : 46 		"F"		db	$46
				;
0118				L0118:
0118 : A5 E2 		"  "		lda	X00E2
011A : 48 		"H"		pha
011B : 0A 		" "		asl	a
011C : 10 22 		" ""		bpl	L0140
011E : C6 DF 		"  "		dec	X00DF
0120 : 10 1E 		"  "		bpl	L0140
0122 : A6 E1 		"  "		ldx	X00E1
0124 : CA 		" "		dex
0125 : 86 DF 		"  "		stx	X00DF
0127 : A9 80 		"  "		lda	#$80
0129 : AA 		" "		tax
012A : 18 		" "		clc
012B : 65 E0 		"e "		adc	X00E0
012D : 85 E0 		"  "		sta	X00E0
012F : 10 0C 		"  "		bpl	L013D
0131 : A5 EB 		"  "		lda	X00EB
0133 : 09 80 		"  "		ora	#$80
0135 : 85 EB 		"  "		sta	X00EB
0137 : 18 		" "		clc
0138 : 20 25 1E 	" % "		jsr	L1E25
013B : A2 08 		"  "		ldx	#$08
013D				L013D:
013D : 8E 20 08 	"   "		stx	X0820
0140				L0140:
0140 : A5 E6 		"  "		lda	X00E6
0142 : F0 03 		"  "		beq	L0147
0144 : 18 		" "		clc
0145 : 69 A4 		"i "		adc	#$A4
0147				L0147:
0147 : 18 		" "		clc
0148 : 65 EB 		"e "		adc	X00EB
014A : 8D FF 09 	"   "		sta	X09FF
014D : 68 		"h"		pla
014E : 6A 		"j"		ror	a
014F : 90 06 		"  "		bcc	L0157
0151 : 20 49 1E 	" I "		jsr	L1E49
0154 : 4C 6D 11 	"Lm "		jmp	L116D
				;
0157				L0157:
0157 : 2C 10 08 	",  "		bit	X0810
015A : 10 FB 		"  "		bpl	L0157
015C				L015C:
015C : AD 10 08 	"   "		lda	X0810
015F : 30 FB 		"0 "		bmi	L015C
0161				L0161:
0161 : 2C 10 08 	",  "		bit	X0810
0164 : 30 05 		"0 "		bmi	L016B
0166 : 50 F9 		"P "		bvc	L0161
0168 : AD 10 08 	"   "		lda	X0810
016B				L016B:
016B : 85 EC 		"  "		sta	X00EC
016D : 20 00 1F 	"   "		jsr	L1F00
0170 : B0 06 		"  "		bcs	L0178
0172 : B9 00 11 	"   "		lda	X1100,y
0175 : 8D 7B 11 	" { "		sta	X117B
0178				L0178:
0178 : A9 00 		"  "		lda	#$00
017A : 20 03 00 	"   "		jsr	L0003
017D : AD 7B 11 	" { "		lda	X117B
0180 : 85 E3 		"  "		sta	X00E3
0182 : D0 94 		"  "		bne	L0118
0184 : B0 09 		"  "		bcs	L018F
0186 : 8D 01 03 	"   "		sta	X0301
0189 : 85 E8 		"  "		sta	X00E8
018B : 85 E6 		"  "		sta	X00E6
018D : 85 EB 		"  "		sta	X00EB
018F				L018F:
018F : A5 E5 		"  "		lda	X00E5
0191 : A6 E8 		"  "		ldx	X00E8
0193 : 9D 00 03 	"   "		sta	X0300,x
0196 : 20 13 10 	"   "		jsr	L1013
0199 : 29 7F 		") "		and	#$7F
019B : DD 01 03 	"   "		cmp	X0301,x
019E : F0 0B 		"  "		beq	L01AB
01A0 : E8 		" "		inx
01A1 : E8 		" "		inx
01A2 : 86 E8 		"  "		stx	X00E8
01A4 : 9D 01 03 	"   "		sta	X0301,x
01A7 : A9 00 		"  "		lda	#$00
01A9 : 85 E5 		"  "		sta	X00E5
01AB				L01AB:
01AB : 60 		"`"		rts
				;
01AC : B0 08 		"  "		bcs	L01B6
01AE : 85 E4 		"  "		sta	X00E4
01B0				L01B0:
01B0 : 85 E9 		"  "		sta	X00E9
01B2				L01B2:
01B2 : 85 EA 		"  "		sta	X00EA
01B4 : 85 E5 		"  "		sta	X00E5
01B6				L01B6:
01B6 : A5 E5 		"  "		lda	X00E5
01B8 : A4 E9 		"  "		ldy	X00E9
01BA : A6 EA 		"  "		ldx	X00EA
01BC : DD 02 03 	"   "		cmp	X0302,x
01BF : 90 15 		"  "		bcc	L01D6
01C1 : A9 00 		"  "		lda	#$00
01C3 : 85 E5 		"  "		sta	X00E5
01C5 : E8 		" "		inx
01C6 : E8 		" "		inx
01C7 : 86 EA 		"  "		stx	X00EA
01C9 : E4 E8 		"  "		cpx	X00E8
01CB : D0 09 		"  "		bne	L01D6
01CD : C8 		" "		iny
01CE : C4 E7 		"  "		cpy	X00E7
01D0 : B0 DE 		"  "		bcs	L01B0
01D2 : 84 E9 		"  "		sty	X00E9
01D4 : D0 DC 		"  "		bne	L01B2
01D6				L01D6:
01D6 : BD 03 03 	"   "		lda	X0303,x
01D9 : 85 EB 		"  "		sta	X00EB
01DB : B9 C0 02 	"   "		lda	X02C0,y
01DE : 85 E6 		"  "		sta	X00E6
01E0 : 60 		"`"		rts
				;
01E1 : FF 		" "		db	$FF
				;
01E2 : 00 		" "		brk
				;
01E3 : FF 		" "		db	$FF
01E4 : 03 		" "		db	$03
				;
01E5 : C0 02 		"  "		cpy	#$02
01E7 : C0 02 		"  "		cpy	#$02
				;
01E9 : FF 		" "		db	$FF
01EA : FF 		" "		db	$FF
01EB : FF 		" "		db	$FF
01EC : FF 		" "		db	$FF
01ED : FF 		" "		db	$FF
01EE : FF 		" "		db	$FF
01EF : FF 		" "		db	$FF
				;
01F0 : 11 34 		" 4"		ora	(X0034),y
				;
01F2 : 1A 		" "		db	$1A
				;
01F3 : 11 34 		" 4"		ora	(X0034),y
				;
01F5 : 1A 		" "		db	$1A
				;
01F6 : 41 0E 		"A "		eor	(X000E,x)
01F8 : 01 01 		"  "		ora	(X0001,x)
01FA : 79 0E C3 	"y  "		adc	XC30E,y
01FD : 0E 14 0E 	"   "		asl	X0E14
0200 : 8D 06 12 	"   "		sta	X1206
0203 : A2 00 		"  "		ldx	#$00
0205				L0205:
0205 : 18 		" "		clc
0206 : 7E 02 03 	"~  "		ror	X0302,x
0209 : E8 		" "		inx
020A : E8 		" "		inx
020B : E4 E8 		"  "		cpx	X00E8
020D : D0 F6 		"  "		bne	L0205
020F				L020F:
020F : A5 E3 		"  "		lda	X00E3
0211 : 8D 7B 11 	" { "		sta	X117B
0214 : 60 		"`"		rts
				;
0215 : A2 07 		"  "		ldx	#$07
0217				L0217:
0217 : BD E1 11 	"   "		lda	X11E1,x
021A : 95 F0 		"  "		sta	X00F0,x
021C : CA 		" "		dex
021D : D0 F8 		"  "		bne	L0217
021F : 60 		"`"		rts
				;
0220 : 20 15 12 	"   "		jsr	L1215
0223				L0223:
0223 : A5 E8 		"  "		lda	X00E8
0225 : 8D 00 03 	"   "		sta	X0300
0228 : A5 E7 		"  "		lda	X00E7
022A : 8D 01 03 	"   "		sta	X0301
022D : A9 DD 		"  "		lda	#$DD
022F : 20 46 12 	" F "		jsr	L1246
0232 : 60 		"`"		rts
				;
0233 : 20 15 12 	"   "		jsr	L1215
0236 : A9 11 		"  "		lda	#$11
0238 : 20 46 12 	" F "		jsr	L1246
023B : AD 00 03 	"   "		lda	X0300
023E : 85 E8 		"  "		sta	X00E8
				;
0240 : AD 		" "		db	$AD
				;
0241				L0241:
0241 : 01 03 		"  "		ora	(L0003,x)
0243 : 85 E7 		"  "		sta	X00E7
0245 : 60 		"`"		rts
				;
0246 : 20 AA 1E 	"   "		jsr	L1EAA
0249 : AD 0F 11 	"   "		lda	X110F
024C : 8D 7B 11 	" { "		sta	X117B
024F : 18 		" "		clc
0250 : 20 22 1F 	" " "		jsr	L1F22
0253 : 60 		"`"		rts
				;
0254 : 85 DF 		"  "		sta	X00DF
0256 : 66 E1 		"f "		ror	X00E1
0258 : 90 02 		"  "		bcc	L025C
025A : 66 E1 		"f "		ror	X00E1
				;
025C				L025C:
025C : D0 		" "		db	$D0
				;
025D				L025D:
025D : B1 FF 		"  "		lda	($00FF),y
				;
025F : FF 		" "		db	$FF
				;
0260 : F0 DF 		"  "		beq	L0241
				;
0262 : F2 		" "		db	$F2
0263 : 7F 		" "		db	$7F
				;
0264 : 70 9F 		"p "		bvs	L0205
				;
0266 : B2 		" "		db	$B2
0267 : EF 		" "		db	$EF
				;
0268 : F1 DB 		"  "		sbc	(X00DB),y
				;
026A : D2 		" "		db	$D2
026B : FB 		" "		db	$FB
026C : 72 		"r"		db	$72
026D : BF 		" "		db	$BF
026E : E2 		" "		db	$E2
026F : DF 		" "		db	$DF
				;
0270 : 10 3F 		" ?"		bpl	L02B1
0272 : F0 AF 		"  "		beq	L0223
0274 : 40 		"@"		rti
				;
0275 : DF 		" "		db	$DF
				;
0276 : C0 FF 		"  "		cpy	#$FF
0278 : 00 		" "		brk
				;
0279 : EF 		" "		db	$EF
027A : 70 		"p"		db	$70
027B				L027B:
027B : FF 		" "		db	$FF
				;
027C : F0 DF 		"  "		beq	L025D
027E : 60 		"`"		rts
				;
027F : FF 		" "		db	$FF
0280 : 30 00 		"0 "		db	$30, $00

;--------------------------------------------------------------
Symbol table
============

Value	Type	Name
-----	----	----
0000	 04	X0000
0001	 04	X0001
0003	 04	L0003
000E	 04	X000E
0013	 04	L0013
001B	 04	L001B
002A	 04	L002A
0034	 04	X0034
0039	 04	L0039
003C	 04	L003C
003F	 04	X003F
0046	 04	L0046
0052	 04	L0052
005C	 04	L005C
0060	 04	L0060
0063	 04	X0063
0069	 04	L0069
0077	 04	X0077
007B	 04	L007B
0082	 04	L0082
0085	 04	X0085
0092	 04	X0092
00A2	 04	L00A2
00A7	 04	L00A7
00B3	 04	L00B3
00CA	 04	L00CA
00DB	 04	X00DB
00DF	 04	X00DF
00E0	 04	X00E0
00E1	 04	X00E1
00E2	 04	X00E2
00E3	 04	X00E3
00E4	 04	X00E4
00E5	 04	X00E5
00E6	 04	X00E6
00E7	 04	X00E7
00E8	 04	X00E8
00E9	 04	X00E9
00EA	 04	X00EA
00EB	 04	X00EB
00EC	 04	X00EC
00F0	 04	X00F0
0118	 04	L0118
013D	 04	L013D
0140	 04	L0140
0147	 04	L0147
0157	 04	L0157
015C	 04	L015C
0161	 04	L0161
016B	 04	L016B
0178	 04	L0178
018F	 04	L018F
01AB	 04	L01AB
01B0	 04	L01B0
01B2	 04	L01B2
01B6	 04	L01B6
01D6	 04	L01D6
0205	 04	L0205
020F	 04	L020F
0217	 04	L0217
0223	 04	L0223
0241	 04	L0241
025C	 04	L025C
025D	 04	L025D
027B	 04	L027B
0284	 04	L0284
02B1	 04	L02B1
02C0	 04	X02C0
0300	 04	X0300
0301	 04	X0301
0302	 04	X0302
0303	 04	X0303
0810	 04	X0810
0820	 04	X0820
09FF	 04	X09FF
0E14	 04	X0E14
1013	 04	L1013
1046	 04	L1046
1100	 04	X1100
110F	 04	X110F
1114	 04	X1114
1118	 04	L1118
116D	 04	L116D
117B	 04	X117B
1184	 04	L1184
11AC	 04	L11AC
11B6	 04	L11B6
11E1	 04	X11E1
1200	 04	L1200
1206	 04	X1206
120F	 04	L120F
1215	 04	L1215
1220	 04	L1220
1233	 04	L1233
1246	 04	L1246
1254	 04	L1254
1E25	 04	L1E25
1E49	 04	L1E49
1EAA	 04	L1EAA
1F00	 04	L1F00
1F22	 04	L1F22
8001	 04	X8001
A546	 04	XA546
C30E	 04	XC30E
C8B4	 04	XC8B4
F60F	 04	XF60F

Number of symbols:			106

;--------------------------------------------------------------