					org	$1000
				;
1000 : 20 21 1D 	" ! "		jsr	L1D21
1003				L1003:
1003 : 20 2B 1D 	" + "		jsr	L1D2B
1006 : 20 00 1F 	"   "		jsr	L1F00
1009 : B0 03 		"  "		bcs	L100E
100B : 20 00 11 	"   "		jsr	L1100
100E				L100E:
100E : A0 0F 		"  "		ldy	#$0F
1010 : 20 16 10 	"   "		jsr	L1016
1013 : 4C 03 10 	"L  "		jmp	L1003
				;
1016				L1016:
1016 : 24 E7 		"$ "		bit	X00E7
1018 : 50 1E 		"P "		bvc	L1038
101A : C6 72 		" r"		dec	X0072
101C : 30 05 		"0 "		bmi	L1023
101E : 24 74 		"$t"		bit	X0074
1020 : 50 46 		"PF"		bvc	L1068
1022 : 60 		"`"		rts
				;
1023				L1023:
1023 : A6 73 		" s"		ldx	X0073
1025 : 24 74 		"$t"		bit	X0074
1027 : 10 05 		"  "		bpl	L102E
1029 : CA 		" "		dex
102A : 30 07 		"0 "		bmi	L1033
102C : 10 26 		" &"		bpl	L1054
102E				L102E:
102E : E8 		" "		inx
102F : E0 08 		"  "		cpx	#$08
1031 : D0 21 		" !"		bne	L1054
1033				L1033:
1033 : A6 76 		" v"		ldx	X0076
1035 : CA 		" "		dex
1036 : 10 02 		"  "		bpl	L103A
1038				L1038:
1038 : A2 07 		"  "		ldx	#$07
103A				L103A:
103A : 86 76 		" v"		stx	X0076
103C : B5 77 		" w"		lda	X0077,x
103E : F0 F8 		"  "		beq	L1038
1040 : 85 74 		" t"		sta	X0074
1042 : B9 C0 00 	"   "		lda	X00C0,y
1045 : 2A 		"*"		rol	a
1046 : 06 74 		" t"		asl	X0074
1048 : 6A 		"j"		ror	a
1049 : 99 C0 00 	"   "		sta	X00C0,y
104C : A2 07 		"  "		ldx	#$07
104E : 24 74 		"$t"		bit	X0074
1050 : 30 02 		"0 "		bmi	L1054
1052 : A2 00 		"  "		ldx	#$00
1054				L1054:
1054 : 86 73 		" s"		stx	X0073
1056 : A9 1F 		"  "		lda	#$1F
1058 : 25 74 		"%t"		and	X0074
105A : 85 72 		" r"		sta	X0072
105C : B5 E0 		"  "		lda	X00E0,x
105E : D0 0D 		"  "		bne	L106D
1060 : 24 E7 		"$ "		bit	X00E7
1062 : 70 BF 		"p "		bvs	L1023
1064 : A9 01 		"  "		lda	#$01
1066 : 85 72 		" r"		sta	X0072
1068				L1068:
1068 : B9 D0 00 	"   "		lda	X00D0,y
106B : 29 BF 		") "		and	#$BF
106D				L106D:
106D : 99 D0 00 	"   "		sta	X00D0,y
1070 : 60 		"`"		rts
				;
1071 : 00 		" "		brk
1072 : 01 08 		"  "		ora	(X0008,x)
1074 : C4 07 		"  "		cpy	X0007
				;
1076 : 07 		" "		db	$07
				;
1077 : 00 		" "		brk
1078 : 00 		" "		brk
1079 : 00 		" "		brk
107A : 00 		" "		brk
107B : 00 		" "		brk
107C : 00 		" "		brk
107D : E4 04 		"  "		cpx	X0004
107F : DD D0 DF 	"   "		cmp	XDFD0,x
1082 : 60 		"`"		rts
				;
1083 : 98 		" "		tya
1084 : 48 		"H"		pha
1085 : A4 AC 		"  "		ldy	X00AC
1087 : A5 AD 		"  "		lda	X00AD
1089 : 84 AD 		"  "		sty	X00AD
108B : A4 AE 		"  "		ldy	X00AE
108D : 85 AE 		"  "		sta	X00AE
108F : A5 AF 		"  "		lda	X00AF
1091 : 84 AF 		"  "		sty	X00AF
1093 : 84 B0 		"  "		sty	X00B0
1095 : 06 B0 		"  "		asl	X00B0
1097 : 2A 		"*"		rol	a
1098 : 81 AC 		"  "		sta	(X00AC,x)
109A : 06 B0 		"  "		asl	X00B0
109C : 2A 		"*"		rol	a
109D : 06 B0 		"  "		asl	X00B0
109F : 2A 		"*"		rol	a
10A0 : 06 B0 		"  "		asl	X00B0
10A2 : 2A 		"*"		rol	a
10A3 : 45 AC 		"E "		eor	X00AC
10A5 : 85 AC 		"  "		sta	X00AC
10A7 : 68 		"h"		pla
10A8 : A8 		" "		tay
10A9 : A5 80 		"  "		lda	X0080
				;
10AB : 80 		" "		db	$80
10AC : 80 		" "		db	$80
10AD : 80 		" "		db	$80
10AE : 80 		" "		db	$80
10AF : 80 		" "		db	$80
10B0 : 80 		" "		db	$80
10B1 : 80 		" "		db	$80
10B2 : 80 		" "		db	$80
10B3 : 80 		" "		db	$80
10B4 : 80 		" "		db	$80
10B5 : 80 		" "		db	$80
10B6 : 80 		" "		db	$80
10B7 : 80 		" "		db	$80
10B8 : 80 		" "		db	$80
				;
10B9 : A0 F0 		"  "		ldy	#$F0
10BB : ED C9 04 	"   "		sbc	X04C9
10BE : 06 27 		" '"		asl	X0027
10C0 : 00 		" "		brk
10C1 : 00 		" "		brk
10C2 : 00 		" "		brk
10C3 : 00 		" "		brk
10C4 : 00 		" "		brk
10C5 : 00 		" "		brk
10C6 : 00 		" "		brk
10C7 : 00 		" "		brk
10C8 : 00 		" "		brk
10C9 : 00 		" "		brk
10CA : 00 		" "		brk
10CB : 00 		" "		brk
10CC : 00 		" "		brk
10CD : 00 		" "		brk
10CE : 00 		" "		brk
10CF : 00 		" "		brk
10D0 : 00 		" "		brk
10D1 : 00 		" "		brk
10D2 : 00 		" "		brk
10D3 : 00 		" "		brk
10D4 : 00 		" "		brk
10D5 : 00 		" "		brk
10D6 : 00 		" "		brk
10D7 : 00 		" "		brk
10D8 : 00 		" "		brk
10D9 : 00 		" "		brk
10DA : 00 		" "		brk
10DB : 00 		" "		brk
10DC : 00 		" "		brk
10DD : 00 		" "		brk
10DE : 00 		" "		brk
10DF : 20 00 00 	"   "		jsr	L0000
10E2 : 00 		" "		brk
10E3 : 00 		" "		brk
10E4 : 00 		" "		brk
10E5 : 00 		" "		brk
10E6 : 00 		" "		brk
10E7 : 00 		" "		brk
10E8 : 40 		"@"		rti
				;
10E9 : 20 01 DC 	"   "		jsr	LDC01
				;
10EC : 34 		"4"		db	$34
10ED : FF 		" "		db	$FF
10EE : 93 		" "		db	$93
10EF : FF 		" "		db	$FF
				;
10F0 : DD 03 6F 	"  o"		cmp	X6F03,x
10F3 : 01 00 		"  "		ora	(L0000,x)
10F5 : 00 		" "		brk
10F6 : F6 00 		"  "		inc	L0000,x
10F8 : 16 00 		"  "		asl	L0000,x
				;
10FA : 3A 		":"		db	$3A
10FB : F2 		" "		db	$F2
				;
10FC : 36 75 		"6u"		rol	X0075,x
				;
10FE : FF 		" "		db	$FF
				;
10FF : 00 		" "		brk
1100				L1100:
1100 : A6 75 		" u"		ldx	X0075
1102 : B5 77 		" w"		lda	X0077,x
1104 : C0 10 		"  "		cpy	#$10
1106 : F0 0F 		"  "		beq	L1117
1108 : 90 1F 		"  "		bcc	L1129
110A : A4 71 		" q"		ldy	X0071
110C : D0 04 		"  "		bne	L1112
110E : E0 07 		"  "		cpx	#$07
1110 : F0 2B 		" +"		beq	L113D
1112				L1112:
1112 : 94 77 		" w"		sty	X0077,x
1114 : 85 71 		" q"		sta	X0071
1116 : 60 		"`"		rts
				;
1117				L1117:
1117 : A2 07 		"  "		ldx	#$07
1119 : 86 75 		" u"		stx	X0075
111B : CA 		" "		dex
111C : A9 00 		"  "		lda	#$00
111E : 8D 20 18 	"   "		sta	X1820
1121 : 85 71 		" q"		sta	X0071
1123				L1123:
1123 : 95 77 		" w"		sta	X0077,x
1125 : CA 		" "		dex
1126 : 10 FB 		"  "		bpl	L1123
1128 : 60 		"`"		rts
				;
1129				L1129:
1129 : C0 0E 		"  "		cpy	#$0E
112B : 90 18 		"  "		bcc	L1145
112D : F0 0F 		"  "		beq	L113E
112F : CA 		" "		dex
1130 : 30 0B 		"0 "		bmi	L113D
1132				L1132:
1132 : 86 75 		" u"		stx	X0075
1134 : 8A 		" "		txa
1135 : 38 		"8"		sec
1136 : E9 08 		"  "		sbc	#$08
1138 : 49 FF 		"I "		eor	#$FF
113A : 8D 20 18 	"   "		sta	X1820
113D				L113D:
113D : 60 		"`"		rts
				;
113E				L113E:
113E : E8 		" "		inx
113F : E0 08 		"  "		cpx	#$08
1141 : F0 FA 		"  "		beq	L113D
1143 : D0 ED 		"  "		bne	L1132
1145				L1145:
1145 : C0 08 		"  "		cpy	#$08
1147 : B0 0A 		"  "		bcs	L1153
1149 : C8 		" "		iny
114A : 29 F0 		") "		and	#$F0
114C : 95 77 		" w"		sta	X0077,x
114E : 98 		" "		tya
114F : 15 77 		" w"		ora	X0077,x
1151 : D0 1A 		"  "		bne	L116D
1153				L1153:
1153 : 2A 		"*"		rol	a
1154 : 08 		" "		php
1155 : C0 09 		"  "		cpy	#$09
1157 : F0 12 		"  "		beq	L116B
1159 : 90 10 		"  "		bcc	L116B
115B : 28 		"("		plp
115C : 2A 		"*"		rol	a
115D : 08 		" "		php
115E : C0 0B 		"  "		cpy	#$0B
1160 : F0 08 		"  "		beq	L116A
1162 : 90 06 		"  "		bcc	L116A
1164 : 28 		"("		plp
1165 : 2A 		"*"		rol	a
1166 : 08 		" "		php
1167 : C0 0D 		"  "		cpy	#$0D
1169 : 6A 		"j"		ror	a
116A				L116A:
116A : 6A 		"j"		ror	a
116B				L116B:
116B : 6A 		"j"		ror	a
116C : 28 		"("		plp
116D				L116D:
116D : 95 77 		" w"		sta	X0077,x
116F : 60 		"`"		rts

;--------------------------------------------------------------
Symbol table
============

Value	Type	Name
-----	----	----
0000	 04	L0000
0004	 04	X0004
0007	 04	X0007
0008	 04	X0008
0027	 04	X0027
0071	 04	X0071
0072	 04	X0072
0073	 04	X0073
0074	 04	X0074
0075	 04	X0075
0076	 04	X0076
0077	 04	X0077
0080	 04	X0080
00AC	 04	X00AC
00AD	 04	X00AD
00AE	 04	X00AE
00AF	 04	X00AF
00B0	 04	X00B0
00C0	 04	X00C0
00D0	 04	X00D0
00E0	 04	X00E0
00E7	 04	X00E7
04C9	 04	X04C9
1003	 04	L1003
100E	 04	L100E
1016	 04	L1016
1023	 04	L1023
102E	 04	L102E
1033	 04	L1033
1038	 04	L1038
103A	 04	L103A
1054	 04	L1054
1068	 04	L1068
106D	 04	L106D
1100	 04	L1100
1112	 04	L1112
1117	 04	L1117
1123	 04	L1123
1129	 04	L1129
1132	 04	L1132
113D	 04	L113D
113E	 04	L113E
1145	 04	L1145
1153	 04	L1153
116A	 04	L116A
116B	 04	L116B
116D	 04	L116D
1820	 04	X1820
1D21	 04	L1D21
1D2B	 04	L1D2B
1F00	 04	L1F00
6F03	 04	X6F03
DC01	 04	LDC01
DFD0	 04	XDFD0

Number of symbols:			54

;--------------------------------------------------------------